{
  "RSpec": {
    "coverage": {
      "/Users/edward/Desktop/TRASH/MARSH/spree_stockr/lib/spree_stockr.rb": [
        1,
        1,
        1,
        1
      ],
      "/Users/edward/Desktop/TRASH/MARSH/spree_stockr/lib/spree_stockr/engine.rb": [
        1,
        1,
        1,
        1,
        1,
        null,
        null,
        1,
        1,
        null,
        null,
        1,
        1,
        0,
        null,
        null,
        null,
        1,
        null,
        null
      ],
      "/Users/edward/Desktop/TRASH/MARSH/spree_stockr/config/environments/test.rb": [
        1,
        1,
        null
      ],
      "/Users/edward/Desktop/TRASH/MARSH/spree_stockr/app/overrides/add_sheets_to_admin_sidebar.rb": [
        1,
        null,
        null,
        null,
        null,
        null,
        null,
        null,
        null,
        null
      ],
      "/Users/edward/Desktop/TRASH/MARSH/spree_stockr/config/routes.rb": [
        1,
        null,
        null,
        1,
        1,
        null,
        1,
        1,
        1,
        1,
        1,
        1,
        1,
        null,
        1,
        1,
        1,
        null,
        1,
        1,
        1,
        null,
        null,
        null,
        null
      ],
      "/Users/edward/Desktop/TRASH/MARSH/spree_stockr/spec/support/capybara.rb": [
        1,
        1,
        1,
        1,
        null,
        1,
        1,
        0,
        null,
        null,
        null,
        1,
        null,
        1,
        0,
        null,
        null
      ],
      "/Users/edward/Desktop/TRASH/MARSH/spree_stockr/spec/support/factory_bot.rb": [
        1,
        null,
        1,
        null,
        1,
        1,
        null
      ],
      "/Users/edward/Desktop/TRASH/MARSH/spree_stockr/spec/support/database_cleaner.rb": [
        1,
        null,
        1,
        1,
        1,
        null,
        null,
        1,
        9,
        null,
        null,
        null,
        1,
        0,
        null,
        null,
        1,
        9,
        null,
        null,
        null,
        1,
        9,
        null,
        null
      ],
      "/Users/edward/Desktop/TRASH/MARSH/spree_stockr/spec/jobs/get_sheet_headers_job_spec.rb": [
        1,
        null,
        1,
        null,
        1,
        1,
        1,
        1,
        null,
        2,
        null,
        1,
        null,
        1,
        null,
        1,
        null,
        null,
        null,
        1,
        null,
        3,
        3,
        3,
        3,
        3,
        3,
        null,
        3,
        null,
        3,
        null,
        3,
        null,
        3,
        null,
        3,
        null,
        3,
        null,
        null,
        null,
        null,
        null,
        null
      ],
      "/Users/edward/Desktop/TRASH/MARSH/spree_stockr/app/jobs/get_sheet_headers_job.rb": [
        1,
        null,
        1,
        1,
        null,
        6,
        null,
        5,
        5,
        1,
        1,
        1,
        1,
        1,
        null,
        1,
        null,
        null,
        null,
        1,
        1,
        5,
        5,
        5,
        null,
        4,
        4,
        4,
        4,
        4,
        null,
        null,
        1,
        5,
        5,
        null,
        null,
        null
      ],
      "/Users/edward/Desktop/TRASH/MARSH/spree_stockr/spec/jobs/import_products_sheet_job_spec.rb": [
        1,
        null,
        1,
        null,
        1,
        1,
        null,
        null,
        1,
        1,
        1,
        1,
        1,
        null,
        1,
        null,
        null,
        null,
        null,
        null,
        null,
        null,
        null,
        null,
        null,
        null,
        null,
        null,
        null,
        1,
        null,
        null,
        null,
        null,
        null,
        null,
        null,
        null,
        null,
        null,
        1,
        1,
        null,
        1,
        null,
        1,
        null,
        1,
        null,
        1,
        null,
        1,
        null,
        1,
        null,
        1,
        null,
        1,
        null,
        1,
        null,
        1,
        null,
        null,
        null,
        null
      ],
      "/Users/edward/Desktop/TRASH/MARSH/spree_stockr/app/jobs/import_products_sheet_job.rb": [
        1,
        1,
        null,
        1,
        1,
        null,
        2,
        null,
        1,
        1,
        0,
        0,
        0,
        0,
        0,
        0,
        0,
        null,
        null,
        null,
        1,
        1,
        1,
        1,
        1,
        1,
        1,
        1,
        1,
        null,
        null,
        null,
        1,
        null,
        1,
        1,
        1,
        null,
        1,
        null,
        25,
        null,
        3,
        3,
        null,
        3,
        null,
        3,
        3,
        null,
        3,
        3,
        3,
        3,
        3,
        3,
        3,
        3,
        null,
        3,
        3,
        12,
        null,
        3,
        3,
        3,
        3,
        null,
        null,
        null,
        null,
        null,
        3,
        null,
        null,
        1,
        1,
        1,
        null,
        null,
        null,
        1,
        1,
        1,
        null,
        null,
        null
      ],
      "/Users/edward/Desktop/TRASH/MARSH/spree_stockr/spec/jobs/parse_products_sheet_job_spec.rb": [
        1,
        null,
        1,
        null,
        1,
        1,
        1,
        1,
        1,
        null,
        2,
        null,
        1,
        null,
        1,
        null,
        1,
        null,
        null,
        null,
        1,
        null,
        3,
        3,
        3,
        3,
        3,
        3,
        null,
        3,
        null,
        3,
        null,
        3,
        null,
        3,
        null,
        3,
        null,
        3,
        null,
        3,
        null,
        null,
        null,
        null,
        null,
        null
      ],
      "/Users/edward/Desktop/TRASH/MARSH/spree_stockr/app/jobs/parse_products_sheet_job.rb": [
        1,
        1,
        null,
        1,
        1,
        null,
        5,
        null,
        null,
        4,
        4,
        1,
        1,
        1,
        1,
        1,
        1,
        null,
        1,
        null,
        null,
        null,
        null,
        1,
        1,
        null,
        4,
        4,
        3,
        null,
        null,
        null,
        3,
        null,
        3,
        null,
        3,
        null,
        3,
        null,
        3,
        null,
        3,
        0,
        null,
        0,
        0,
        0,
        0,
        null,
        null,
        0,
        0,
        0,
        0,
        null,
        null,
        null,
        12,
        6,
        6,
        null,
        null,
        6,
        null,
        6,
        null,
        6,
        869,
        80,
        null,
        null,
        6,
        null,
        null,
        null,
        null,
        3,
        3,
        3,
        null,
        null,
        null,
        1,
        4,
        4,
        null,
        null
      ],
      "/Users/edward/Desktop/TRASH/MARSH/spree_stockr/app/models/spree/sheet.rb": [
        1,
        null,
        1,
        1,
        1,
        null,
        1,
        null,
        1,
        0,
        null,
        null,
        1,
        0,
        null,
        null,
        null,
        null,
        null,
        null,
        null,
        null,
        1,
        0,
        0,
        null,
        null,
        1,
        0,
        null,
        null,
        null,
        null,
        null,
        null,
        null,
        null,
        null,
        null,
        null,
        null,
        null,
        null,
        0,
        null,
        null,
        null,
        null,
        0,
        null,
        null,
        null,
        null,
        null,
        null,
        null,
        null,
        null,
        null,
        null,
        null,
        null,
        null,
        0,
        null,
        null,
        null,
        null,
        0,
        null,
        null,
        null,
        null,
        null,
        null,
        null,
        null,
        null,
        0,
        null,
        null,
        null,
        null,
        0,
        null,
        null,
        null,
        null,
        1,
        null,
        8,
        null,
        null,
        1,
        0,
        null,
        0,
        null,
        0,
        null,
        0,
        null,
        0,
        null,
        0,
        null,
        0,
        null,
        null,
        null,
        1,
        0,
        null,
        null,
        5,
        32,
        null,
        null,
        4,
        30,
        null,
        null,
        2,
        1,
        null,
        null,
        1,
        null,
        3,
        3,
        3,
        null,
        3,
        3,
        3,
        null,
        null,
        null,
        3,
        24,
        24,
        129,
        24,
        24,
        24,
        6,
        18,
        18,
        0,
        null,
        18,
        null,
        0,
        0,
        null,
        0,
        null,
        null,
        null,
        3,
        30,
        30,
        30,
        6,
        24,
        15,
        0,
        null,
        15,
        null,
        9,
        0,
        null,
        9,
        null,
        null,
        null,
        3,
        null,
        3,
        null,
        null,
        null,
        null,
        null,
        null,
        null
      ]
    },
    "timestamp": 1561605774
  }
}
