{
  "RSpec": {
    "coverage": {
      "/Users/edward/Desktop/TRASH/MARSH/spree_stockr/lib/spree_stockr.rb": [
        1,
        1,
        1,
        1
      ],
      "/Users/edward/Desktop/TRASH/MARSH/spree_stockr/lib/spree_stockr/engine.rb": [
        1,
        1,
        1,
        1,
        1,
        null,
        null,
        1,
        1,
        null,
        null,
        1,
        1,
        0,
        null,
        null,
        null,
        1,
        null,
        null
      ],
      "/Users/edward/Desktop/TRASH/MARSH/spree_stockr/config/environments/test.rb": [
        1,
        1,
        null
      ],
      "/Users/edward/Desktop/TRASH/MARSH/spree_stockr/app/overrides/add_sheets_to_admin_sidebar.rb": [
        1,
        null,
        null,
        null,
        null,
        null,
        null,
        null,
        null,
        null
      ],
      "/Users/edward/Desktop/TRASH/MARSH/spree_stockr/config/routes.rb": [
        1,
        null,
        null,
        1,
        1,
        null,
        1,
        1,
        1,
        1,
        1,
        1,
        null,
        1,
        1,
        1,
        null,
        1,
        1,
        1,
        null,
        null,
        null,
        null
      ],
      "/Users/edward/Desktop/TRASH/MARSH/spree_stockr/spec/support/capybara.rb": [
        1,
        1,
        1,
        1,
        null,
        1,
        1,
        0,
        null,
        null,
        null,
        1,
        null,
        1,
        0,
        null,
        null
      ],
      "/Users/edward/Desktop/TRASH/MARSH/spree_stockr/spec/support/factory_bot.rb": [
        1,
        null,
        1,
        null,
        1,
        1,
        null
      ],
      "/Users/edward/Desktop/TRASH/MARSH/spree_stockr/spec/support/database_cleaner.rb": [
        1,
        null,
        1,
        1,
        1,
        null,
        null,
        1,
        2,
        null,
        null,
        null,
        1,
        0,
        null,
        null,
        1,
        2,
        null,
        null,
        null,
        1,
        2,
        null,
        null
      ],
      "/Users/edward/Desktop/TRASH/MARSH/spree_stockr/spec/jobs/parse_products_sheet_job_spec.rb": [
        1,
        null,
        1,
        null,
        1,
        null,
        2,
        2,
        2,
        2,
        2,
        2,
        null,
        2,
        null,
        2,
        null,
        2,
        null,
        2,
        null,
        2,
        null,
        2,
        null,
        2,
        null,
        null,
        null,
        null,
        null,
        null
      ],
      "/Users/edward/Desktop/TRASH/MARSH/spree_stockr/app/jobs/parse_products_sheet_job.rb": [
        1,
        1,
        null,
        1,
        1,
        null,
        3,
        null,
        null,
        2,
        2,
        0,
        0,
        0,
        0,
        0,
        0,
        null,
        0,
        null,
        null,
        null,
        null,
        1,
        1,
        null,
        2,
        2,
        2,
        null,
        2,
        null,
        2,
        null,
        2,
        null,
        2,
        null,
        2,
        null,
        2,
        null,
        2,
        0,
        null,
        0,
        0,
        0,
        0,
        null,
        null,
        0,
        0,
        0,
        0,
        null,
        null,
        null,
        8,
        4,
        4,
        null,
        null,
        4,
        null,
        4,
        836,
        76,
        null,
        null,
        4,
        null,
        null,
        null,
        null,
        2,
        2,
        2,
        null,
        null,
        null,
        1,
        2,
        2,
        null,
        null
      ],
      "/Users/edward/Desktop/TRASH/MARSH/spree_stockr/app/models/spree/sheet.rb": [
        1,
        null,
        1,
        1,
        1,
        null,
        1,
        0,
        null,
        null,
        1,
        0,
        0,
        null,
        null,
        null,
        null,
        null,
        null,
        null,
        null,
        null,
        null,
        null,
        0,
        null,
        null,
        1,
        0,
        null,
        null,
        null,
        null,
        null,
        null,
        null,
        null,
        null,
        null,
        null,
        null,
        null,
        0,
        null,
        null,
        null,
        null,
        0,
        null,
        null,
        null,
        null,
        null,
        null,
        null,
        null,
        null,
        null,
        null,
        null,
        null,
        null,
        0,
        null,
        null,
        null,
        null,
        0,
        null,
        null,
        null,
        null,
        null,
        null,
        null,
        null,
        null,
        0,
        null,
        null,
        null,
        null,
        0,
        null,
        null,
        null,
        null,
        1,
        null,
        2,
        null,
        null,
        1,
        0,
        null,
        0,
        null,
        0,
        null,
        0,
        null,
        0,
        null,
        0,
        null,
        0,
        null,
        null,
        null,
        1,
        0,
        null,
        null,
        null,
        null
      ]
    },
    "timestamp": 1561429387
  }
}
